<?xml version="1.0" encoding="UTF-8"?>
<!-- Generated by org.testng.reporters.JUnitReportReporter -->
<testsuite hostname="kemas" failures="0" tests="1" name="com.mohs.scripts.Blogbtn" time="11.374" errors="0" timestamp="2022-02-28T13:58:55 IST" skipped="0">
  <testcase classname="com.mohs.scripts.Blogbtn" name="BlogbtnTestCase" time="11.374"/>
  <system-out/>
</testsuite> <!-- com.mohs.scripts.Blogbtn -->
