<?xml version="1.0" encoding="UTF-8"?>
<!-- Generated by org.testng.reporters.JUnitReportReporter -->
<testsuite hostname="kemas" failures="0" tests="1" name="com.mohs.scripts.ShoppingCart" time="10.029" errors="0" timestamp="2022-03-11T16:41:08 IST" skipped="0">
  <testcase classname="com.mohs.scripts.ShoppingCart" name="ShoppingCartTestCase" time="10.029"/>
  <system-out/>
</testsuite> <!-- com.mohs.scripts.ShoppingCart -->
