<?xml version="1.0" encoding="UTF-8"?>
<!-- Generated by org.testng.reporters.JUnitReportReporter -->
<testsuite hostname="kemas" failures="0" tests="1" name="com.mohs.scripts.LoginPage" time="11.965" errors="0" timestamp="2022-04-04T12:19:56 IST" skipped="0">
  <testcase classname="com.mohs.scripts.LoginPage" name="LoginPageTestCase" time="11.965"/>
  <system-out/>
</testsuite> <!-- com.mohs.scripts.LoginPage -->
