<?xml version="1.0" encoding="UTF-8"?>
<!-- Generated by org.testng.reporters.JUnitReportReporter -->
<testsuite hostname="kemas" failures="0" tests="1" name="com.mohs.scripts.LoginPage" time="11.877" errors="0" timestamp="2022-03-30T13:15:09 IST" skipped="0">
  <testcase classname="com.mohs.scripts.LoginPage" name="LoginPageTestCase" time="11.877"/>
  <system-out/>
</testsuite> <!-- com.mohs.scripts.LoginPage -->
