<?xml version="1.0" encoding="UTF-8"?>
<!-- Generated by org.testng.reporters.JUnitReportReporter -->
<testsuite hostname="kemas" failures="0" tests="1" name="com.mohs.scripts.AddProductToCart" time="12.645" errors="0" timestamp="2022-02-19T12:02:41 IST" skipped="0">
  <testcase classname="com.mohs.scripts.AddProductToCart" name="AddProductToCartTestCase" time="12.645"/>
  <system-out/>
</testsuite> <!-- com.mohs.scripts.AddProductToCart -->
