<?xml version="1.0" encoding="UTF-8"?>
<!-- Generated by org.testng.reporters.JUnitReportReporter -->
<testsuite hostname="kemas" failures="0" tests="1" name="com.mohs.scripts.RegisterPage" time="11.121" errors="0" timestamp="2022-03-10T15:56:20 IST" skipped="0">
  <testcase classname="com.mohs.scripts.RegisterPage" name="RegisterPageTestCase" time="11.121"/>
  <system-out/>
</testsuite> <!-- com.mohs.scripts.RegisterPage -->
