<?xml version="1.0" encoding="UTF-8"?>
<!-- Generated by org.testng.reporters.JUnitReportReporter -->
<testsuite hostname="kemas" failures="0" tests="1" name="com.mohs.scripts.Mohs10Logo" time="11.429" errors="0" timestamp="2022-02-14T22:57:01 IST" skipped="0">
  <testcase classname="com.mohs.scripts.Mohs10Logo" name="Mohs10LogoTestCase" time="11.429"/>
  <system-out/>
</testsuite> <!-- com.mohs.scripts.Mohs10Logo -->
