<?xml version="1.0" encoding="UTF-8"?>
<!-- Generated by org.testng.reporters.JUnitReportReporter -->
<testsuite hostname="kemas" failures="0" tests="1" name="com.mohs.scripts.ProductEngg" time="8.412" errors="0" timestamp="2022-02-08T16:07:34 IST" skipped="0">
  <testcase classname="com.mohs.scripts.ProductEngg" name="ProductEnggTestCase" time="8.412"/>
  <system-out/>
</testsuite> <!-- com.mohs.scripts.ProductEngg -->
