<?xml version="1.0" encoding="UTF-8"?>
<!-- Generated by org.testng.reporters.JUnitReportReporter -->
<testsuite hostname="kemas" failures="0" tests="1" name="com.mohs.scripts.ContactUs" time="8.004" errors="0" timestamp="2022-02-08T19:22:01 IST" skipped="0">
  <testcase classname="com.mohs.scripts.ContactUs" name="ContactUsTestClass" time="8.004"/>
  <system-out/>
</testsuite> <!-- com.mohs.scripts.ContactUs -->
