<?xml version="1.0" encoding="UTF-8"?>
<!-- Generated by org.testng.reporters.JUnitReportReporter -->
<testsuite hostname="kemas" failures="0" tests="1" name="com.mohs.scripts.Blogbtn" time="11.809" errors="0" timestamp="2022-03-10T17:20:40 IST" skipped="0">
  <testcase classname="com.mohs.scripts.Blogbtn" name="BlogbtnTestCase" time="11.809"/>
  <system-out/>
</testsuite> <!-- com.mohs.scripts.Blogbtn -->
