<?xml version="1.0" encoding="UTF-8"?>
<!-- Generated by org.testng.reporters.JUnitReportReporter -->
<testsuite hostname="kemas" failures="0" tests="1" name="com.mohs.scripts.InvalidLogIn" time="9.656" errors="0" timestamp="2022-02-28T13:41:44 IST" skipped="0">
  <testcase classname="com.mohs.scripts.InvalidLogIn" name="InvalidLogInTestCase" time="9.656"/>
  <system-out/>
</testsuite> <!-- com.mohs.scripts.InvalidLogIn -->
