<?xml version="1.0" encoding="UTF-8"?>
<!-- Generated by org.testng.reporters.JUnitReportReporter -->
<testsuite hostname="kemas" failures="0" tests="1" name="com.mohs.scripts.WhyChooseUs" time="7.485" errors="0" timestamp="2022-02-14T22:52:50 IST" skipped="0">
  <testcase classname="com.mohs.scripts.WhyChooseUs" name="WhyChooseUsTestClass" time="7.485"/>
  <system-out/>
</testsuite> <!-- com.mohs.scripts.WhyChooseUs -->
