<?xml version="1.0" encoding="UTF-8"?>
<!-- Generated by org.testng.reporters.JUnitReportReporter -->
<testsuite hostname="kemas" failures="0" tests="1" name="com.mohs.scripts1.ForwardMail" time="36.799" errors="0" timestamp="2022-02-18T14:18:52 IST" skipped="0">
  <testcase classname="com.mohs.scripts1.ForwardMail" name="ForwardMailTestCase" time="36.799"/>
  <system-out/>
</testsuite> <!-- com.mohs.scripts1.ForwardMail -->
