<?xml version="1.0" encoding="UTF-8"?>
<!-- Generated by org.testng.reporters.JUnitReportReporter -->
<testsuite hostname="kemas" failures="0" tests="1" name="com.mohs.scripts.Consultancy" time="8.467" errors="0" timestamp="2022-02-08T16:06:13 IST" skipped="0">
  <testcase classname="com.mohs.scripts.Consultancy" name="ConsultancyTestCase" time="8.467"/>
  <system-out/>
</testsuite> <!-- com.mohs.scripts.Consultancy -->
