<?xml version="1.0" encoding="UTF-8"?>
<!-- Generated by org.testng.reporters.JUnitReportReporter -->
<testsuite hostname="kemas" failures="0" tests="1" name="com.mohs.scripts.ShippingandReturns" time="7.718" errors="0" timestamp="2022-03-10T16:54:44 IST" skipped="0">
  <testcase classname="com.mohs.scripts.ShippingandReturns" name="ShippingandReturnsTestCase" time="7.718"/>
  <system-out/>
</testsuite> <!-- com.mohs.scripts.ShippingandReturns -->
