<?xml version="1.0" encoding="UTF-8"?>
<!-- Generated by org.testng.reporters.JUnitReportReporter -->
<testsuite hostname="kemas" failures="0" tests="1" name="com.mohs.scripts.Aboutus" time="8.510" errors="0" timestamp="2022-02-10T14:18:59 IST" skipped="0">
  <testcase classname="com.mohs.scripts.Aboutus" name="AboutusTestCase" time="8.510"/>
  <system-out/>
</testsuite> <!-- com.mohs.scripts.Aboutus -->
