<?xml version="1.0" encoding="UTF-8"?>
<!-- Generated by org.testng.reporters.JUnitReportReporter -->
<testsuite hostname="kemas" failures="0" tests="1" name="com.mohs.scripts.AddProductToWishList" time="12.643" errors="0" timestamp="2022-02-28T13:43:32 IST" skipped="0">
  <testcase classname="com.mohs.scripts.AddProductToWishList" name="AddProductToWishListTestCase" time="12.643"/>
  <system-out/>
</testsuite> <!-- com.mohs.scripts.AddProductToWishList -->
