<?xml version="1.0" encoding="UTF-8"?>
<!-- Generated by org.testng.reporters.JUnitReportReporter -->
<testsuite hostname="kemas" failures="0" tests="1" name="com.mohs.scripts.AddPhProductToCart" time="16.313" errors="0" timestamp="2022-02-28T18:19:58 IST" skipped="0">
  <testcase classname="com.mohs.scripts.AddPhProductToCart" name="AddPhProductToCartTestCase" time="16.313"/>
  <system-out/>
</testsuite> <!-- com.mohs.scripts.AddPhProductToCart -->
