<?xml version="1.0" encoding="UTF-8"?>
<!-- Generated by org.testng.reporters.JUnitReportReporter -->
<testsuite hostname="kemas" failures="0" tests="1" name="com.gcr.scripts.Login_Logout" time="21.396" errors="0" timestamp="2021-12-10T13:25:15 IST" skipped="0">
  <testcase classname="com.gcr.scripts.Login_Logout" name="Login_LogoutTestCase" time="21.396"/>
  <system-out/>
</testsuite> <!-- com.gcr.scripts.Login_Logout -->
