<?xml version="1.0" encoding="UTF-8"?>
<!-- Generated by org.testng.reporters.JUnitReportReporter -->
<testsuite hostname="kemas" failures="0" tests="1" name="com.mohs.scripts.Sitemap_searchprod" time="14.267" errors="0" timestamp="2022-03-10T15:56:57 IST" skipped="0">
  <testcase classname="com.mohs.scripts.Sitemap_searchprod" name="Sitemap_searchprodTestCase" time="14.267"/>
  <system-out/>
</testsuite> <!-- com.mohs.scripts.Sitemap_searchprod -->
