<?xml version="1.0" encoding="UTF-8"?>
<!-- Generated by org.testng.reporters.JUnitReportReporter -->
<testsuite hostname="kemas" failures="0" tests="1" name="com.mohs.scripts.SubscribeToYoutube" time="11.487" errors="0" timestamp="2022-02-28T13:50:31 IST" skipped="0">
  <testcase classname="com.mohs.scripts.SubscribeToYoutube" name="SubscribeToYoutubeTestCase" time="11.487"/>
  <system-out/>
</testsuite> <!-- com.mohs.scripts.SubscribeToYoutube -->
