<?xml version="1.0" encoding="UTF-8"?>
<!-- Generated by org.testng.reporters.JUnitReportReporter -->
<testsuite skipped="0" hostname="kemas" name="com.mohs.scripts.Login_Logout" tests="1" failures="0" timestamp="2022-02-04T01:06:36 IST" time="11.038" errors="0">
  <testcase name="Login_LogoutTestCase" time="11.038" classname="com.mohs.scripts.Login_Logout"/>
  <system-out/>
</testsuite> <!-- com.mohs.scripts.Login_Logout -->
